<?xml version="1.0" encoding="UTF-8"?>
<!-- Generated by org.testng.reporters.JUnitXMLReporter -->
<testsuite hostname="Pradnya" name="Test" tests="5" failures="0" timestamp="21 Jun 2017 13:13:32 GMT" time="22.107" errors="0">
  <testcase name="testlogin" time="2.816" classname="com.wbl.test.LoginPageTest"/>
  <testcase name="testlogin" time="3.349" classname="com.wbl.test.LoginPageTest"/>
  <testcase name="testlogin" time="2.867" classname="com.wbl.test.LoginPageTest"/>
  <testcase name="testlogin" time="2.73" classname="com.wbl.test.LoginPageTest"/>
  <testcase name="testlogin" time="2.33" classname="com.wbl.test.LoginPageTest"/>
</testsuite> <!-- Test -->
