<?xml version="1.0" encoding="UTF-8"?>
<!-- Generated by org.testng.reporters.JUnitXMLReporter -->
<testsuite hostname="Pradnya" name="Default test" tests="4" failures="0" timestamp="21 Jun 2017 13:27:31 GMT" time="20.661" errors="0">
  <testcase name="testNavLink" time="2.085" classname="com.wbl.test.HomePageTest"/>
  <testcase name="testSearchbox" time="8.418" classname="com.wbl.test.HomePageTest"/>
  <testcase name="testnewUser" time="3.056" classname="com.wbl.test.HomePageTest"/>
  <testcase name="testsigninClick" time="7.018" classname="com.wbl.test.HomePageTest"/>
</testsuite> <!-- Default test -->
