<?xml version="1.0" encoding="UTF-8"?>
<!-- Generated by org.testng.reporters.JUnitXMLReporter -->
<testsuite hostname="Pradnya" name="Test" tests="4" failures="0" timestamp="10 Jul 2017 22:53:35 GMT" time="20.047" errors="0">
  <testcase name="testNavLink" time="2.567" classname="com.app.test.HomePageTest"/>
  <testcase name="testSearchbox" time="8.756" classname="com.app.test.HomePageTest"/>
  <testcase name="testnewUser" time="2.968" classname="com.app.test.HomePageTest"/>
  <testcase name="testsigninClick" time="5.589" classname="com.app.test.HomePageTest"/>
</testsuite> <!-- Test -->
