<?xml version="1.0" encoding="UTF-8"?>
<testsuite xmlns:xsi="http://www.w3.org/2001/XMLSchema-instance" xsi:schemaLocation="https://maven.apache.org/surefire/maven-surefire-plugin/xsd/surefire-test-report.xsd" name="TestSuite" time="140.452" tests="7" errors="0" skipped="1" failures="2">
  <properties>
[...]
</properties>
  <testcase name="testNavLink" classname="com.wbl.test.HomePageTest" time="5.411">
    <failure message="expected [6] but found [5]" type="java.lang.AssertionError">java.lang.AssertionError: expected [6] but found [5]
	at com.wbl.test.HomePageTest.testNavLink(HomePageTest.java:28)
</failure>
    <system-err><![CDATA[Starting ChromeDriver 2.24.417431 (9aea000394714d2fbb20850021f6204f2256b9cf) on port 7131
Only local connections are allowed.
May 19, 2017 2:59:37 PM org.openqa.selenium.remote.ProtocolHandshake createSession
INFO: Attempting bi-dialect session, assuming Postel's Law holds true on the remote end
May 19, 2017 2:59:41 PM org.openqa.selenium.remote.ProtocolHandshake createSession
INFO: Detected dialect: OSS
]]></system-err>
  </testcase>
  <testcase name="testSearchbox" classname="com.wbl.test.HomePageTest" time="9.074"/>
  <testcase name="testnewUser" classname="com.wbl.test.HomePageTest" time="2.183"/>
  <testcase name="testsigninClick" classname="com.wbl.test.HomePageTest" time="5.687"/>
  <testcase name="testlogin" classname="com.wbl.test.LoginPageTest" time="0">
    <skipped message="java.lang.NoClassDefFoundError: org/apache/poi/ss/usermodel/Row"/>
    <system-err><![CDATA[Starting ChromeDriver 2.24.417431 (9aea000394714d2fbb20850021f6204f2256b9cf) on port 29123
Only local connections are allowed.
May 19, 2017 3:00:10 PM org.openqa.selenium.remote.ProtocolHandshake createSession
INFO: Attempting bi-dialect session, assuming Postel's Law holds true on the remote end
May 19, 2017 3:00:14 PM org.openqa.selenium.remote.ProtocolHandshake createSession
INFO: Detected dialect: OSS
]]></system-err>
  </testcase>
  <testcase name="testnewuserregister" classname="com.wbl.test.RegisterPageTest" time="2.535"/>
  <testcase name="testresult" classname="com.wbl.test.SearchResultTest" time="44.495">
    <failure message="no such element: Unable to locate element: {&quot;method&quot;:&quot;xpath&quot;,&quot;selector&quot;:&quot;html/body/div[1]/div[1]/div[3]/div[1]/div/div/div[2]/div/div/form/select/option[3]&quot;}&#10;  (Session info: chrome=58.0.3029.110)&#10;  (Driver info: chromedriver=2.24.417431 (9aea000394714d2fbb20850021f6204f2256b9cf),platform=Windows NT 10.0.14393 x86_64) (WARNING: The server did not provide any stacktrace information)&#10;Command duration or timeout: 30.25 seconds&#10;For documentation on this error, please visit: http://seleniumhq.org/exceptions/no_such_element.html&#10;Build info: version: &apos;3.0.1&apos;, revision: &apos;1969d75&apos;, time: &apos;2016-10-18 09:49:13 -0700&apos;&#10;System info: host: &apos;Pradnya&apos;, ip: &apos;192.168.1.9&apos;, os.name: &apos;Windows 10&apos;, os.arch: &apos;amd64&apos;, os.version: &apos;10.0&apos;, java.version: &apos;1.8.0_101&apos;&#10;Driver info: org.openqa.selenium.chrome.ChromeDriver&#10;Capabilities [{applicationCacheEnabled=false, rotatable=false, mobileEmulationEnabled=false, networkConnectionEnabled=false, chrome={chromedriverVersion=2.24.417431 (9aea000394714d2fbb20850021f6204f2256b9cf), userDataDir=C:\Users\ompra\AppData\Local\Temp\scoped_dir13808_30225}, takesHeapSnapshot=true, pageLoadStrategy=normal, databaseEnabled=false, handlesAlerts=true, hasTouchScreen=false, version=58.0.3029.110, platform=XP, browserConnectionEnabled=false, nativeEvents=true, acceptSslCerts=true, locationContextEnabled=true, webStorageEnabled=true, browserName=chrome, takesScreenshot=true, javascriptEnabled=true, cssSelectorsEnabled=true}]&#10;Session ID: 2807db958861c61a14ee80fab78db6ff&#10;*** Element info: {Using=xpath, value=html/body/div[1]/div[1]/div[3]/div[1]/div/div/div[2]/div/div/form/select/option[3]}" type="org.openqa.selenium.NoSuchElementException">org.openqa.selenium.NoSuchElementException: 
no such element: Unable to locate element: {"method":"xpath","selector":"html/body/div[1]/div[1]/div[3]/div[1]/div/div/div[2]/div/div/form/select/option[3]"}
  (Session info: chrome=58.0.3029.110)
  (Driver info: chromedriver=2.24.417431 (9aea000394714d2fbb20850021f6204f2256b9cf),platform=Windows NT 10.0.14393 x86_64) (WARNING: The server did not provide any stacktrace information)
Command duration or timeout: 30.25 seconds
For documentation on this error, please visit: http://seleniumhq.org/exceptions/no_such_element.html
Build info: version: '3.0.1', revision: '1969d75', time: '2016-10-18 09:49:13 -0700'
System info: host: 'Pradnya', ip: '192.168.1.9', os.name: 'Windows 10', os.arch: 'amd64', os.version: '10.0', java.version: '1.8.0_101'
Driver info: org.openqa.selenium.chrome.ChromeDriver
Capabilities [{applicationCacheEnabled=false, rotatable=false, mobileEmulationEnabled=false, networkConnectionEnabled=false, chrome={chromedriverVersion=2.24.417431 (9aea000394714d2fbb20850021f6204f2256b9cf), userDataDir=C:\Users\ompra\AppData\Local\Temp\scoped_dir13808_30225}, takesHeapSnapshot=true, pageLoadStrategy=normal, databaseEnabled=false, handlesAlerts=true, hasTouchScreen=false, version=58.0.3029.110, platform=XP, browserConnectionEnabled=false, nativeEvents=true, acceptSslCerts=true, locationContextEnabled=true, webStorageEnabled=true, browserName=chrome, takesScreenshot=true, javascriptEnabled=true, cssSelectorsEnabled=true}]
Session ID: 2807db958861c61a14ee80fab78db6ff
*** Element info: {Using=xpath, value=html/body/div[1]/div[1]/div[3]/div[1]/div/div/div[2]/div/div/form/select/option[3]}
	at com.wbl.test.SearchResultTest.testresult(SearchResultTest.java:22)
</failure>
    <system-err><![CDATA[Starting ChromeDriver 2.24.417431 (9aea000394714d2fbb20850021f6204f2256b9cf) on port 7350
Only local connections are allowed.
May 19, 2017 3:00:52 PM org.openqa.selenium.remote.ProtocolHandshake createSession
INFO: Attempting bi-dialect session, assuming Postel's Law holds true on the remote end
May 19, 2017 3:00:56 PM org.openqa.selenium.remote.ProtocolHandshake createSession
INFO: Detected dialect: OSS
]]></system-err>
  </testcase>
</testsuite>