<?xml version="1.0" encoding="UTF-8"?>
<!-- Generated by org.testng.reporters.JUnitXMLReporter -->
<testsuite hostname="Pradnya" name="Test" tests="4" failures="2" timestamp="21 Jun 2017 13:13:01 GMT" time="20.264" errors="0">
  <testcase name="testNavLink" time="2.844" classname="com.wbl.test.HomePageTest">
    <failure type="java.lang.AssertionError" message="expected [6] but found [5]">
      <![CDATA[java.lang.AssertionError: expected [6] but found [5]
	at com.wbl.test.HomePageTest.testNavLink(HomePageTest.java:28)
... Removed 32 stack frames]]>
    </failure>
  </testcase> <!-- testNavLink -->
  <testcase name="testSearchbox" time="9.686" classname="com.wbl.test.HomePageTest">
    <failure type="java.lang.AssertionError" message="expected [Amazon.com: Laptop - Laptops / Computers &amp;amp; Tablets: Electronics] but found [Amazon.com: Laptop - Traditional Laptops / Laptops: Electronics]">
      <![CDATA[java.lang.AssertionError: expected [Amazon.com: Laptop - Laptops / Computers & Tablets: Electronics] but found [Amazon.com: Laptop - Traditional Laptops / Laptops: Electronics]
	at com.wbl.test.HomePageTest.testSearchbox(HomePageTest.java:34)
... Removed 32 stack frames]]>
    </failure>
  </testcase> <!-- testSearchbox -->
  <testcase name="testnewUser" time="2.311" classname="com.wbl.test.HomePageTest"/>
  <testcase name="testsigninClick" time="5.269" classname="com.wbl.test.HomePageTest"/>
</testsuite> <!-- Test -->
